This is pdfTeX, Version 3.141592653-2.6-1.40.22 (TeX Live 2022/dev/Debian) (preloaded format=pdflatex 2025.9.19)  20 SEP 2025 16:46
entering extended mode
 restricted \write18 enabled.
 file:line:error style messages enabled.
 %&-line parsing enabled.
**/home/nicco/Fantacalcio/Fantacalcio/Relazione/Title/Title.tex
(/home/nicco/Fantacalcio/Fantacalcio/Relazione/Title/Title.tex
LaTeX2e <2021-11-15> patch level 1
L3 programming layer <2022-01-21>

/home/nicco/Fantacalcio/Fantacalcio/Relazione/Title/Title.tex:1: LaTeX Error: Environment titlepage undefined.

See the LaTeX manual or LaTeX Companion for explanation.
Type  H <return>  for immediate help.
 ...                                              
                                                  
l.1 \begin{titlepage}
                     
Your command was ignored.
Type  I <command> <return>  to replace it with another command,
or  <return>  to continue without it.


/home/nicco/Fantacalcio/Fantacalcio/Relazione/Title/Title.tex:8: LaTeX Error: Missing \begin{document}.

See the LaTeX manual or LaTeX Companion for explanation.
Type  H <return>  for immediate help.
 ...                                              
                                                  
l.8 \center
           
You're in trouble here.  Try typing  <return>  to proceed.
If that doesn't work, type  X <return>  to quit.


Overfull \hbox (20.0pt too wide) in paragraph at lines 8--8
[] 
 []

/home/nicco/Fantacalcio/Fantacalcio/Relazione/Title/Title.tex:9: Undefined control sequence.
l.9 \includegraphics
                    [width=14cm]{Resources/firenze2.png}\\[1cm] % Include a ...
The control sequence at the end of the top line
of your error message was never \def'ed. If you have
misspelled it (e.g., `\hobx'), type `I' and the correct
spelling (e.g., `I\hbox'). Otherwise just continue,
and I'll forget about whatever was undefined.

Missing character: There is no [ in font nullfont!
Missing character: There is no w in font nullfont!
Missing character: There is no i in font nullfont!
Missing character: There is no d in font nullfont!
Missing character: There is no t in font nullfont!
Missing character: There is no h in font nullfont!
Missing character: There is no = in font nullfont!
Missing character: There is no 1 in font nullfont!
Missing character: There is no 4 in font nullfont!
Missing character: There is no c in font nullfont!
Missing character: There is no m in font nullfont!
Missing character: There is no ] in font nullfont!
Missing character: There is no R in font nullfont!
Missing character: There is no e in font nullfont!
Missing character: There is no s in font nullfont!
Missing character: There is no o in font nullfont!
Missing character: There is no u in font nullfont!
Missing character: There is no r in font nullfont!
Missing character: There is no c in font nullfont!
Missing character: There is no e in font nullfont!
Missing character: There is no s in font nullfont!
Missing character: There is no / in font nullfont!
Missing character: There is no f in font nullfont!
Missing character: There is no i in font nullfont!
Missing character: There is no r in font nullfont!
Missing character: There is no e in font nullfont!
Missing character: There is no n in font nullfont!
Missing character: There is no z in font nullfont!
Missing character: There is no e in font nullfont!
Missing character: There is no 2 in font nullfont!
Missing character: There is no . in font nullfont!
Missing character: There is no p in font nullfont!
Missing character: There is no n in font nullfont!
Missing character: There is no g in font nullfont!
/home/nicco/Fantacalcio/Fantacalcio/Relazione/Title/Title.tex:19: Undefined control sequence.
<recently read> \LARGE 
                       
l.19 ...\LARGE Università degli Studi di Firenze}
                                                  \\[0.5cm] % Major heading ...
The control sequence at the end of the top line
of your error message was never \def'ed. If you have
misspelled it (e.g., `\hobx'), type `I' and the correct
spelling (e.g., `I\hbox'). Otherwise just continue,
and I'll forget about whatever was undefined.


Overfull \hbox (54.67194pt too wide) in paragraph at lines 19--19
 \OT1/cmr/m/sc/10 Universit[]a 
 []


Overfull \hbox (26.38875pt too wide) in paragraph at lines 19--19
 \OT1/cmr/m/sc/10 degli 
 []


Overfull \hbox (27.42206pt too wide) in paragraph at lines 19--19
 \OT1/cmr/m/sc/10 Studi 
 []


Overfull \hbox (9.26663pt too wide) in paragraph at lines 19--19
 \OT1/cmr/m/sc/10 di 
 []


Overfull \hbox (38.48035pt too wide) in paragraph at lines 19--19
 \OT1/cmr/m/sc/10 Firenze 
 []

/home/nicco/Fantacalcio/Fantacalcio/Relazione/Title/Title.tex:20: Undefined control sequence.
<recently read> \Large 
                       
l.20 ...artimento di Ingegneria dell'Informazione}
                                                  \\[0.5cm] % Minor heading ...
The control sequence at the end of the top line
of your error message was never \def'ed. If you have
misspelled it (e.g., `\hobx'), type `I' and the correct
spelling (e.g., `I\hbox'). Otherwise just continue,
and I'll forget about whatever was undefined.


Overfull \hbox (68.09125pt too wide) in paragraph at lines 20--20
 []\OT1/cmr/m/sc/10 Dipartimento 
 []


Overfull \hbox (9.26663pt too wide) in paragraph at lines 20--20
 \OT1/cmr/m/sc/10 di 
 []


Overfull \hbox (13.96655pt too wide) in paragraph at lines 20--20
 \OT1/cmr/m/sc/10 In- 
 []


Overfull \hbox (22.17763pt too wide) in paragraph at lines 20--20
 \OT1/cmr/m/sc/10 geg- 
 []


Overfull \hbox (15.4888pt too wide) in paragraph at lines 20--20
 \OT1/cmr/m/sc/10 ne- 
 []


Overfull \hbox (15.17772pt too wide) in paragraph at lines 20--20
 \OT1/cmr/m/sc/10 ria 
 []


Overfull \hbox (92.02728pt too wide) in paragraph at lines 20--20
 \OT1/cmr/m/sc/10 dell'Informazione 
 []

/home/nicco/Fantacalcio/Fantacalcio/Relazione/Title/Title.tex:27: Undefined control sequence.
l.27 { \huge
             \bfseries \@title}\\[0.7cm] % Title of your document
The control sequence at the end of the top line
of your error message was never \def'ed. If you have
misspelled it (e.g., `\hobx'), type `I' and the correct
spelling (e.g., `I\hbox'). Otherwise just continue,
and I'll forget about whatever was undefined.


/home/nicco/Fantacalcio/Fantacalcio/Relazione/Title/Title.tex:27: LaTeX Error: No \title given.

See the LaTeX manual or LaTeX Companion for explanation.
Type  H <return>  for immediate help.
 ...                                              
                                                  
l.27 { \huge \bfseries \@title
                              }\\[0.7cm] % Title of your document
Try typing  <return>  to proceed.
If that doesn't work, type  X <return>  to quit.


/home/nicco/Fantacalcio/Fantacalcio/Relazione/Title/Title.tex:27: LaTeX Error: There's no line here to end.

See the LaTeX manual or LaTeX Companion for explanation.
Type  H <return>  for immediate help.
 ...                                              
                                                  
l.27 { \huge \bfseries \@title}\\
                                 [0.7cm] % Title of your document
Your command was ignored.
Type  I <command> <return>  to replace it with another command,
or  <return>  to continue without it.

/home/nicco/Fantacalcio/Fantacalcio/Relazione/Title/Title.tex:35: Undefined control sequence.
l.35 \begin{flushleft} \large
                             
The control sequence at the end of the top line
of your error message was never \def'ed. If you have
misspelled it (e.g., `\hobx'), type `I' and the correct
spelling (e.g., `I\hbox'). Otherwise just continue,
and I'll forget about whatever was undefined.


LaTeX Warning: No \author given.


/home/nicco/Fantacalcio/Fantacalcio/Relazione/Title/Title.tex:38: LaTeX Error: There's no line here to end.

See the LaTeX manual or LaTeX Companion for explanation.
Type  H <return>  for immediate help.
 ...                                              
                                                  
l.38 \\
       [1.2em]
Your command was ignored.
Type  I <command> <return>  to replace it with another command,
or  <return>  to continue without it.

Missing character: There is no 7 in font nullfont!
Missing character: There is no 0 in font nullfont!
Missing character: There is no 7 in font nullfont!
Missing character: There is no 7 in font nullfont!
Missing character: There is no 2 in font nullfont!
Missing character: There is no 4 in font nullfont!
Missing character: There is no 9 in font nullfont!
LaTeX Font Info:    External font `cmex10' loaded for size
(Font)              <7> on input line 42.
LaTeX Font Info:    External font `cmex10' loaded for size
(Font)              <5> on input line 42.
/home/nicco/Fantacalcio/Fantacalcio/Relazione/Title/Title.tex:45: Undefined control sequence.
l.45 \begin{flushright} \large
                              
The control sequence at the end of the top line
of your error message was never \def'ed. If you have
misspelled it (e.g., `\hobx'), type `I' and the correct
spelling (e.g., `I\hbox'). Otherwise just continue,
and I'll forget about whatever was undefined.

Missing character: There is no I in font nullfont!
Missing character: There is no n in font nullfont!
Missing character: There is no g in font nullfont!
Missing character: There is no e in font nullfont!
Missing character: There is no g in font nullfont!
Missing character: There is no n in font nullfont!
Missing character: There is no e in font nullfont!
Missing character: There is no r in font nullfont!
Missing character: There is no i in font nullfont!
Missing character: There is no a in font nullfont!
Missing character: There is no d in font nullfont!
Missing character: There is no e in font nullfont!
Missing character: There is no l in font nullfont!
Missing character: There is no S in font nullfont!
Missing character: There is no o in font nullfont!
Missing character: There is no f in font nullfont!
Missing character: There is no t in font nullfont!
Missing character: There is no w in font nullfont!
Missing character: There is no a in font nullfont!
Missing character: There is no r in font nullfont!
Missing character: There is no e in font nullfont!
Missing character: There is no E in font nullfont!
Missing character: There is no n in font nullfont!
Missing character: There is no r in font nullfont!
Missing character: There is no i in font nullfont!
Missing character: There is no c in font nullfont!
Missing character: There is no o in font nullfont!
Missing character: There is no V in font nullfont!
Missing character: There is no i in font nullfont!
Missing character: There is no c in font nullfont!
Missing character: There is no a in font nullfont!
Missing character: There is no r in font nullfont!
Missing character: There is no i in font nullfont!
Missing character: There is no o in font nullfont!

Overfull \hbox (3276.74998pt too wide) in paragraph at lines 34--51
 []$[]$ 
 []


Overfull \hbox (3276.74998pt too wide) in paragraph at lines 34--51
 []$ 
 []


/home/nicco/Fantacalcio/Fantacalcio/Relazione/Title/Title.tex:57: LaTeX Error: \begin{document} ended by \end{titlepage}.

See the LaTeX manual or LaTeX Companion for explanation.
Type  H <return>  for immediate help.
 ...                                              
                                                  
l.57 \end{titlepage}
                    
Your command was ignored.
Type  I <command> <return>  to replace it with another command,
or  <return>  to continue without it.

)
! Emergency stop.
<*> ...alcio/Fantacalcio/Relazione/Title/Title.tex
                                                  
*** (job aborted, no legal \end found)

 
Here is how much of TeX's memory you used:
 32 strings out of 478287
 707 string characters out of 5849289
 290000 words of memory out of 5000000
 18325 multiletter control sequences out of 15000+600000
 470591 words of font info for 32 fonts, out of 8000000 for 9000
 1141 hyphenation exceptions out of 8191
 20i,3n,18p,233b,260s stack positions out of 5000i,500n,10000p,200000b,80000s
!  ==> Fatal error occurred, no output PDF file produced!
